<?xml version="1.0" encoding="UTF-8"?>
<!-- Generated by org.testng.reporters.JUnitXMLReporter -->
<testsuite ignored="0" hostname="MADDPRAS-M-22Q7" failures="0" tests="7" name="Default test" time="1.347" errors="0" timestamp="2024-12-30T12:28:57 IST">
  <testcase classname="com.tests.FlyAwayTests" name="validateBookingDetailsPresence" time="1.137"/>
  <testcase classname="com.tests.FlyAwayTests" name="validateBookingLinks" time="0.03"/>
  <testcase classname="com.tests.FlyAwayTests" name="validateCopyrightNotice" time="0.034"/>
  <testcase classname="com.tests.FlyAwayTests" name="validateLinksPresence" time="0.013"/>
  <testcase classname="com.tests.FlyAwayTests" name="validateResponseTime" time="0.051"/>
  <testcase classname="com.tests.FlyAwayTests" name="validateStatusCode200" time="0.029"/>
  <testcase classname="com.tests.FlyAwayTests" name="validateStatusCode405" time="0.019"/>
</testsuite> <!-- Default test -->
