<?xml version="1.0" encoding="UTF-8"?>
<testng-results ignored="0" total="7" passed="7" failed="0" skipped="0">
  <reporter-output>
  </reporter-output>
  <suite started-at="2024-12-30T12:28:56 IST" name="Default suite" finished-at="2024-12-30T12:28:57 IST" duration-ms="1347">
    <groups>
    </groups>
    <test started-at="2024-12-30T12:28:56 IST" name="Default test" finished-at="2024-12-30T12:28:57 IST" duration-ms="1347">
      <class name="com.tests.FlyAwayTests">
        <test-method signature="validateBookingDetailsPresence()[pri:0, instance:com.tests.FlyAwayTests@34a3d150]" started-at="2024-12-30T12:28:56 IST" name="validateBookingDetailsPresence" finished-at="2024-12-30T12:28:57 IST" duration-ms="1137" status="PASS">
          <reporter-output>
          </reporter-output>
        </test-method> <!-- validateBookingDetailsPresence -->
        <test-method signature="validateBookingLinks()[pri:0, instance:com.tests.FlyAwayTests@34a3d150]" started-at="2024-12-30T12:28:57 IST" name="validateBookingLinks" finished-at="2024-12-30T12:28:57 IST" duration-ms="30" status="PASS">
          <reporter-output>
          </reporter-output>
        </test-method> <!-- validateBookingLinks -->
        <test-method signature="validateCopyrightNotice()[pri:0, instance:com.tests.FlyAwayTests@34a3d150]" started-at="2024-12-30T12:28:57 IST" name="validateCopyrightNotice" finished-at="2024-12-30T12:28:57 IST" duration-ms="34" status="PASS">
          <reporter-output>
          </reporter-output>
        </test-method> <!-- validateCopyrightNotice -->
        <test-method signature="validateLinksPresence()[pri:0, instance:com.tests.FlyAwayTests@34a3d150]" started-at="2024-12-30T12:28:57 IST" name="validateLinksPresence" finished-at="2024-12-30T12:28:57 IST" duration-ms="13" status="PASS">
          <reporter-output>
          </reporter-output>
        </test-method> <!-- validateLinksPresence -->
        <test-method signature="validateResponseTime()[pri:0, instance:com.tests.FlyAwayTests@34a3d150]" started-at="2024-12-30T12:28:57 IST" name="validateResponseTime" finished-at="2024-12-30T12:28:57 IST" duration-ms="51" status="PASS">
          <reporter-output>
          </reporter-output>
        </test-method> <!-- validateResponseTime -->
        <test-method signature="validateStatusCode200()[pri:0, instance:com.tests.FlyAwayTests@34a3d150]" started-at="2024-12-30T12:28:57 IST" name="validateStatusCode200" finished-at="2024-12-30T12:28:57 IST" duration-ms="29" status="PASS">
          <reporter-output>
          </reporter-output>
        </test-method> <!-- validateStatusCode200 -->
        <test-method signature="validateStatusCode405()[pri:0, instance:com.tests.FlyAwayTests@34a3d150]" started-at="2024-12-30T12:28:57 IST" name="validateStatusCode405" finished-at="2024-12-30T12:28:57 IST" duration-ms="19" status="PASS">
          <reporter-output>
          </reporter-output>
        </test-method> <!-- validateStatusCode405 -->
      </class> <!-- com.tests.FlyAwayTests -->
    </test> <!-- Default test -->
  </suite> <!-- Default suite -->
</testng-results>
