<?xml version="1.0" encoding="UTF-8"?>
<testng-results ignored="0" total="2" passed="2" failed="0" skipped="0">
  <reporter-output>
  </reporter-output>
  <suite started-at="2024-12-23T15:53:14 IST" name="Default suite" finished-at="2024-12-23T15:53:18 IST" duration-ms="4108">
    <groups>
    </groups>
    <test started-at="2024-12-23T15:53:14 IST" name="Default test" finished-at="2024-12-23T15:53:18 IST" duration-ms="4108">
      <class name="com.tests.FlightSearchTest">
        <test-method is-config="true" signature="setUp()[pri:0, instance:com.tests.FlightSearchTest@76505305]" started-at="2024-12-23T15:53:14 IST" name="setUp" finished-at="2024-12-23T15:53:17 IST" duration-ms="3220" status="PASS">
          <reporter-output>
          </reporter-output>
        </test-method> <!-- setUp -->
        <test-method signature="FlightTest()[pri:0, instance:com.tests.FlightSearchTest@76505305]" started-at="2024-12-23T15:53:17 IST" name="FlightTest" finished-at="2024-12-23T15:53:18 IST" duration-ms="450" status="PASS">
          <reporter-output>
          </reporter-output>
        </test-method> <!-- FlightTest -->
        <test-method signature="testLogin()[pri:0, instance:com.tests.FlightSearchTest@76505305]" started-at="2024-12-23T15:53:18 IST" name="testLogin" finished-at="2024-12-23T15:53:18 IST" duration-ms="414" status="PASS">
          <reporter-output>
          </reporter-output>
        </test-method> <!-- testLogin -->
        <test-method is-config="true" signature="tearDown()[pri:0, instance:com.tests.FlightSearchTest@76505305]" started-at="2024-12-23T15:53:18 IST" name="tearDown" finished-at="2024-12-23T15:53:18 IST" duration-ms="1" status="PASS">
          <reporter-output>
          </reporter-output>
        </test-method> <!-- tearDown -->
      </class> <!-- com.tests.FlightSearchTest -->
    </test> <!-- Default test -->
  </suite> <!-- Default suite -->
</testng-results>
